[debug] [2022-10-27T10:15:39.100Z] ----------------------------------------------------------------------
[debug] [2022-10-27T10:15:39.115Z] Command:       C:\Program Files\nodejs\node.exe C:\Users\User\AppData\Roaming\npm\node_modules\firebase-tools\lib\bin\firebase.js init
[debug] [2022-10-27T10:15:39.119Z] CLI Version:   11.15.0
[debug] [2022-10-27T10:15:39.120Z] Platform:      win32
[debug] [2022-10-27T10:15:39.122Z] Node Version:  v16.18.0
[debug] [2022-10-27T10:15:39.128Z] Time:          Thu Oct 27 2022 03:15:39 GMT-0700 (Pacific Daylight Time)
[debug] [2022-10-27T10:15:39.129Z] ----------------------------------------------------------------------
[debug] 
[debug] [2022-10-27T10:15:39.264Z] > command requires scopes: ["email","openid","https://www.googleapis.com/auth/cloudplatformprojects.readonly","https://www.googleapis.com/auth/firebase","https://www.googleapis.com/auth/cloud-platform"]
[debug] [2022-10-27T10:15:39.267Z] > authorizing via signed-in user (farjanaanika2@gmail.com)
[info] 
     ######## #### ########  ######## ########     ###     ######  ########
     ##        ##  ##     ## ##       ##     ##  ##   ##  ##       ##
     ######    ##  ########  ######   ########  #########  ######  ######
     ##        ##  ##    ##  ##       ##     ## ##     ##       ## ##
     ##       #### ##     ## ######## ########  ##     ##  ######  ########

You're about to initialize a Firebase project in this directory:

  C:\projects\educatonal-platform-client-site

Before we get started, keep in mind:

  * You are currently outside your home directory

[info] 
=== Project Setup
[info] 
[info] First, let's associate this project directory with a Firebase project.
[info] You can create multiple project aliases by running firebase use --add, 
[info] but for now we'll just set up a default project.
[info] 
[debug] [2022-10-27T10:44:46.843Z] >>> [apiv2][query] GET https://firebase.googleapis.com/v1beta1/projects pageSize=100
[debug] [2022-10-27T10:44:48.603Z] <<< [apiv2][status] GET https://firebase.googleapis.com/v1beta1/projects 200
[debug] [2022-10-27T10:44:48.603Z] <<< [apiv2][body] GET https://firebase.googleapis.com/v1beta1/projects [omitted]
[info] i  Using project educational-platform-1b2b4 (Educational Platform) 
[info] 
=== Hosting Setup
[info] 
[info] Your public directory is the folder (relative to your project directory) that
[info] will contain Hosting assets to be uploaded with firebase deploy. If you
[info] have a build process for your assets, use your build's output directory.
[info] 
[debug] [2022-10-27T10:46:15.751Z] >>> [apiv2][query] GET https://www.gstatic.com/firebasejs/releases.json [none]
[debug] [2022-10-27T10:46:16.041Z] <<< [apiv2][status] GET https://www.gstatic.com/firebasejs/releases.json 200
[debug] [2022-10-27T10:46:16.041Z] <<< [apiv2][body] GET https://www.gstatic.com/firebasejs/releases.json {"current":{"version":"9.12.1","browserURL":"https://www.gstatic.com/firebasejs/9.12.1/firebase.js","packageURL":"https://www.gstatic.com/firebasejs/9.12.1/firebase.tgz"},"live":{"version":"9.12","browserURL":"https://www.gstatic.com/firebasejs/live/9.12/firebase.js","packageURL":"https://www.gstatic.com/firebasejs/live/9.12/firebase.tgz"},"components":{"analytics":"https://www.gstatic.com/firebasejs/9.12.1/firebase-analytics.js","app":"https://www.gstatic.com/firebasejs/9.12.1/firebase-app.js","app-check":"https://www.gstatic.com/firebasejs/9.12.1/firebase-app-check.js","auth":"https://www.gstatic.com/firebasejs/9.12.1/firebase-auth.js","auth/cordova":"https://www.gstatic.com/firebasejs/9.12.1/firebase-auth/cordova.js","auth/react-native":"https://www.gstatic.com/firebasejs/9.12.1/firebase-auth/react-native.js","functions":"https://www.gstatic.com/firebasejs/9.12.1/firebase-functions.js","firestore":"https://www.gstatic.com/firebasejs/9.12.1/firebase-firestore.js","firestore/lite":"https://www.gstatic.com/firebasejs/9.12.1/firebase-firestore/lite.js","installations":"https://www.gstatic.com/firebasejs/9.12.1/firebase-installations.js","storage":"https://www.gstatic.com/firebasejs/9.12.1/firebase-storage.js","performance":"https://www.gstatic.com/firebasejs/9.12.1/firebase-performance.js","remote-config":"https://www.gstatic.com/firebasejs/9.12.1/firebase-remote-config.js","messaging":"https://www.gstatic.com/firebasejs/9.12.1/firebase-messaging.js","messaging/sw":"https://www.gstatic.com/firebasejs/9.12.1/firebase-messaging/sw.js","database":"https://www.gstatic.com/firebasejs/9.12.1/firebase-database.js","firestore.memory":"https://www.gstatic.com/firebasejs/9.12.1/firebase-firestore.memory.js"}}
[info] +  Wrote build/index.html 
[info] 
[info] i  Detected a .git folder at C:\projects\educatonal-platform-client-site 
[info] i  Authorizing with GitHub to upload your service account to a GitHub repository's secrets store. 
[info] 
[info] Visit this URL on this device to log in:
[info] https://github.com/login/oauth/authorize?client_id=89cf50f02ac6aaed3484&state=872928063&redirect_uri=http%3A%2F%2Flocalhost%3A9005&scope=read%3Auser%20repo%20public_repo
[info] 
[info] Waiting for authentication...
[debug] [2022-10-27T10:46:55.152Z] >>> [apiv2][query] POST https://github.com/login/oauth/access_token [none]
[debug] [2022-10-27T10:46:55.152Z] >>> [apiv2][body] POST https://github.com/login/oauth/access_token [stream]
[debug] [2022-10-27T10:46:55.807Z] <<< [apiv2][status] POST https://github.com/login/oauth/access_token 200
[debug] [2022-10-27T10:46:55.808Z] <<< [apiv2][body] POST https://github.com/login/oauth/access_token {"access_token":"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","token_type":"bearer","scope":"read:user,repo"}
[debug] [2022-10-27T10:46:55.827Z] >>> [apiv2][query] GET https://api.github.com/user [none]
[debug] [2022-10-27T10:46:56.383Z] <<< [apiv2][status] GET https://api.github.com/user 200
[debug] [2022-10-27T10:46:56.384Z] <<< [apiv2][body] GET https://api.github.com/user {"login":"Farjanaislam2","id":83116855,"node_id":"MDQ6VXNlcjgzMTE2ODU1","avatar_url":"https://avatars.githubusercontent.com/u/83116855?v=4","gravatar_id":"","url":"https://api.github.com/users/Farjanaislam2","html_url":"https://github.com/Farjanaislam2","followers_url":"https://api.github.com/users/Farjanaislam2/followers","following_url":"https://api.github.com/users/Farjanaislam2/following{/other_user}","gists_url":"https://api.github.com/users/Farjanaislam2/gists{/gist_id}","starred_url":"https://api.github.com/users/Farjanaislam2/starred{/owner}{/repo}","subscriptions_url":"https://api.github.com/users/Farjanaislam2/subscriptions","organizations_url":"https://api.github.com/users/Farjanaislam2/orgs","repos_url":"https://api.github.com/users/Farjanaislam2/repos","events_url":"https://api.github.com/users/Farjanaislam2/events{/privacy}","received_events_url":"https://api.github.com/users/Farjanaislam2/received_events","type":"User","site_admin":false,"name":"Farjana Islam","company":null,"blog":"","location":null,"email":null,"hireable":null,"bio":null,"twitter_username":null,"public_repos":25,"public_gists":0,"followers":0,"following":1,"created_at":"2021-04-24T09:42:16Z","updated_at":"2022-10-24T18:16:43Z","private_gists":0,"total_private_repos":2,"owned_private_repos":2,"disk_usage":95167,"collaborators":0,"two_factor_authentication":false,"plan":{"name":"free","space":976562499,"collaborators":0,"private_repos":10000}}
[info] 
[info] +  Success! Logged into GitHub as Farjanaislam2 
[info] 
[debug] [2022-10-27T10:54:19.216Z] >>> [apiv2][query] GET https://api.github.com/repos/https://github.com/programming-hero-web-course1/b610-learning-platform-client-side-Farjanaislam2/actions/secrets/public-key type=owner
[debug] [2022-10-27T10:54:20.022Z] <<< [apiv2][status] GET https://api.github.com/repos/https://github.com/programming-hero-web-course1/b610-learning-platform-client-side-Farjanaislam2/actions/secrets/public-key 404
[debug] [2022-10-27T10:54:20.023Z] <<< [apiv2][body] GET https://api.github.com/repos/https://github.com/programming-hero-web-course1/b610-learning-platform-client-side-Farjanaislam2/actions/secrets/public-key {"message":"Not Found","documentation_url":"https://docs.github.com/rest"}
[debug] [2022-10-27T10:54:31.373Z] >>> [apiv2][query] GET https://api.github.com/repos/https://github.com/programming-hero-web-course1/b610-learning-platform-client-side-Farjanaislam2/actions/secrets/public-key type=owner
[debug] [2022-10-27T10:54:31.894Z] <<< [apiv2][status] GET https://api.github.com/repos/https://github.com/programming-hero-web-course1/b610-learning-platform-client-side-Farjanaislam2/actions/secrets/public-key 404
[debug] [2022-10-27T10:54:31.894Z] <<< [apiv2][body] GET https://api.github.com/repos/https://github.com/programming-hero-web-course1/b610-learning-platform-client-side-Farjanaislam2/actions/secrets/public-key {"message":"Not Found","documentation_url":"https://docs.github.com/rest"}
[debug] [2022-10-27T10:56:23.813Z] >>> [apiv2][query] GET https://api.github.com/repos/b610-learning-platform-client-side-Farjanaislam2/actions/secrets/public-key type=owner
[debug] [2022-10-27T10:56:25.072Z] <<< [apiv2][status] GET https://api.github.com/repos/b610-learning-platform-client-side-Farjanaislam2/actions/secrets/public-key 404
[debug] [2022-10-27T10:56:25.074Z] <<< [apiv2][body] GET https://api.github.com/repos/b610-learning-platform-client-side-Farjanaislam2/actions/secrets/public-key {"message":"Not Found","documentation_url":"https://docs.github.com/rest"}
[debug] [2022-10-27T10:56:53.109Z] >>> [apiv2][query] GET https://api.github.com/repos/b610-learning-platform-client-side-Farjanaislam2/actions/secrets/public-key type=owner
[debug] [2022-10-27T10:56:53.897Z] <<< [apiv2][status] GET https://api.github.com/repos/b610-learning-platform-client-side-Farjanaislam2/actions/secrets/public-key 404
[debug] [2022-10-27T10:56:53.897Z] <<< [apiv2][body] GET https://api.github.com/repos/b610-learning-platform-client-side-Farjanaislam2/actions/secrets/public-key {"message":"Not Found","documentation_url":"https://docs.github.com/rest"}
